<?xml version="1.0" encoding="UTF-8"?>
<!-- Generated by org.testng.reporters.JUnitReportReporter -->
<testsuite hostname="WV652" name="CI.launchCI" tests="1" failures="0" timestamp="9 Mar 2017 10:58:39 GMT" time="8.631" errors="0">
  <testcase name="travisTesting" time="8.631" classname="CI.launchCI"/>
</testsuite> <!-- CI.launchCI -->
