<?xml version="1.0" encoding="UTF-8"?>
<!-- Generated by org.testng.reporters.JUnitReportReporter -->
<testsuite hostname="WV652" name="CI.launchCI" tests="1" failures="0" timestamp="9 Mar 2017 12:12:50 GMT" time="13.668" errors="0">
  <testcase name="travisTesting" time="13.668" classname="CI.launchCI"/>
</testsuite> <!-- CI.launchCI -->
